<?xml version="1.0" encoding="UTF-8"?>
<testsuite name="com.honeysang.B2420Test" tests="1" skipped="0" failures="0" errors="0" timestamp="2023-07-18T13:29:26" hostname="DESKTOP-9N9GVJE" time="0.128">
  <properties/>
  <testcase name="-2�� 5瑜� �엯�젰�븯硫� 7�쓣 異쒕젰�븳�떎." classname="com.honeysang.B2420Test" time="0.128"/>
  <system-out><![CDATA[]]></system-out>
  <system-err><![CDATA[]]></system-err>
</testsuite>
